<?xml version="1.0" encoding="utf-8"?><testsuites><testsuite name="pytest" errors="0" failures="0" skipped="4" tests="1149" time="222.121" timestamp="2026-08-23T17:42:25.748439-05:00" hostname="Desktop-FM"><testcase classname="tests.test_adapter_state_contract" name="test_state_contract_round_trip_is_json_compatible" time="0.001" /><testcase classname="tests.test_adapter_state_contract" name="test_default_contract_requires_explicit_adapter_implementation" time="0.001" /><testcase classname="tests.test_adapters" name="test_stack_adapter_push_pop" time="0.001" /><testcase classname="tests.test_adapters" name="test_queue_adapter_enqueue_dequeue" time="0.001" /><testcase classname="tests.test_adapters" name="test_priority_queue_adapter_front" time="0.001" /><testcase classname="tests.test_adapters" name="test_linked_list_position_is_one_based" time="0.001" /><testcase classname="tests.test_adapters" name="test_linked_list_rejects_zero_position" time="0.001" /><testcase classname="tests.test_adapters" name="test_linked_list_new_contract_lista_insertar_elemento_inputs" time="0.001" /><testcase classname="tests.test_adapters" name="test_sequential_adapters_reject_non_integer_value" time="0.001" /><testcase classname="tests.test_adapters" name="test_circular_list_adapter_search_one_based_and_extra_ops" time="0.001" /><testcase classname="tests.test_adapters" name="test_sublist_adapter_exposes_hijo_lifecycle" time="0.001" /><testcase classname="tests.test_app_quality_inventory" name="test_inventory_assigns_a_case_to_every_published_option" time="0.061" /><testcase classname="tests.test_app_quality_inventory" name="test_versioned_inventory_is_fresh_and_matches_the_contract" time="0.053" /><testcase classname="tests.test_app_routes" name="test_homepage_loads" time="0.069" /><testcase classname="tests.test_app_routes" name="test_user_manual_route_loads" time="0.061" /><testcase classname="tests.test_app_routes" name="test_global_didactic_switch_is_rendered_in_layout" time="0.068" /><testcase classname="tests.test_app_routes" name="test_global_export_jpg_controls_are_rendered_in_layout" time="0.066" /><testcase classname="tests.test_app_routes" name="test_sequential_index_loads" time="0.066" /><testcase classname="tests.test_app_routes" name="test_structure_page_loads" time="0.059" /><testcase classname="tests.test_app_routes" name="test_linked_list_page_shows_c_code_panel" time="0.065" /><testcase classname="tests.test_app_routes" name="test_circular_list_page_shows_c_code_panel" time="0.062" /><testcase classname="tests.test_app_routes" name="test_sublist_page_shows_c_code_panel" time="0.065" /><testcase classname="tests.test_app_routes" name="test_abb_page_shows_c_code_panel" time="0.062" /><testcase classname="tests.test_app_routes" name="test_avl_page_shows_c_code_panel" time="0.062" /><testcase classname="tests.test_app_routes" name="test_red_black_page_shows_c_code_panel" time="0.072" /><testcase classname="tests.test_app_routes" name="test_binary_heap_page_shows_c_code_panel" time="0.065" /><testcase classname="tests.test_app_routes" name="test_operate_stack_success" time="0.051" /><testcase classname="tests.test_app_routes" name="test_operate_stack_empty_error" time="0.058" /><testcase classname="tests.test_app_routes" name="test_sequential_page_renders_interpreter_controls" time="0.087" /><testcase classname="tests.test_app_routes" name="test_hierarchical_page_renders_interpreter_controls" time="0.062" /><testcase classname="tests.test_app_routes" name="test_hash_page_renders_interpreter_controls" time="0.061" /><testcase classname="tests.test_app_routes" name="test_graph_page_renders_interpreter_counter" time="0.081" /><testcase classname="tests.test_app_routes" name="test_sorting_page_renders_interpreter_controls" time="0.070" /><testcase classname="tests.test_app_routes" name="test_help_module_pages_reference_user_manual" time="0.076" /><testcase classname="tests.test_c_code_service" name="test_linked_list_c_code_data_loaded" time="0.006" /><testcase classname="tests.test_c_code_service" name="test_stack_c_code_data_loaded" time="0.001" /><testcase classname="tests.test_c_code_service" name="test_queue_c_code_data_loaded" time="0.003" /><testcase classname="tests.test_c_code_service" name="test_priority_queue_c_code_data_loaded" time="0.003" /><testcase classname="tests.test_c_code_service" name="test_circular_list_c_code_data_loaded" time="0.003" /><testcase classname="tests.test_c_code_service" name="test_sublist_c_code_data_loaded" time="0.003" /><testcase classname="tests.test_c_code_service" name="test_abb_c_code_data_loaded" time="0.003" /><testcase classname="tests.test_c_code_service" name="test_avl_c_code_data_loaded" time="0.003" /><testcase classname="tests.test_c_code_service" name="test_red_black_c_code_data_loaded" time="0.006" /><testcase classname="tests.test_c_code_service" name="test_binary_heap_c_code_data_loaded" time="0.003" /><testcase classname="tests.test_c_code_service" name="test_graph_c_code_data_loaded" time="0.014" /><testcase classname="tests.test_c_code_service" name="test_hash_table_c_code_data_loaded" time="0.003" /><testcase classname="tests.test_c_code_service" name="test_non_mapped_structure_returns_none" time="0.001" /><testcase classname="tests.test_c_conformance_ci" name="test_ci_matrix_covers_exactly_thirteen_tads" time="0.002" /><testcase classname="tests.test_c_conformance_ci" name="test_workflow_has_separate_strict_and_sanitizer_jobs" time="0.001" /><testcase classname="tests.test_c_execution_coverage" name="test_gcov_observes_real_stack_lines_and_branches" time="0.921" /><testcase classname="tests.test_c_logical_identity" name="test_sequence_identity_survives_insert_move_and_remove" time="0.001" /><testcase classname="tests.test_c_logical_identity" name="test_tree_rotation_keeps_value_identity_without_addresses" time="0.001" /><testcase classname="tests.test_c_logical_identity" name="test_hash_entry_identity_is_key_based_when_value_changes" time="0.001" /><testcase classname="tests.test_c_qa_event_protocol" name="test_all_thirteen_harnesses_opt_into_the_qa_channel" time="0.002" /><testcase classname="tests.test_c_qa_event_protocol" name="test_parser_accepts_only_versioned_ndjson_events" time="0.001" /><testcase classname="tests.test_c_qa_event_protocol" name="test_instrumented_stack_executes_with_strict_c17" time="0.832" /><testcase classname="tests.test_c_qa_event_protocol" name="test_all_representative_runs_report_dynamic_allocation" time="13.901" /><testcase classname="tests.test_c_qa_event_protocol" name="test_canonical_snapshot_parser_preserves_causal_order" time="0.001" /><testcase classname="tests.test_c_qa_event_protocol" name="test_printf_capture_excludes_canonical_transport" time="0.001" /><testcase classname="tests.test_c_qa_event_protocol" name="test_hash_lookup_update_collision_and_remove_execute_under_c17" time="0.899" /><testcase classname="tests.test_c_stack_harness" name="test_harness_manifest_registers_exactly_thirteen_tads" time="0.001" /><testcase classname="tests.test_c_stack_harness" name="test_stack_harness_emits_canonical_state" time="0.805" /><testcase classname="tests.test_c_stack_harness" name="test_additional_harnesses_emit_canonical_state[queue-queue_harness.c-tad_cola.c-arguments0-expected0]" time="0.825" /><testcase classname="tests.test_c_stack_harness" name="test_additional_harnesses_emit_canonical_state[sorting-sorting_harness.c-tad_ordenamiento.c-arguments1-expected1]" time="0.887" /><testcase classname="tests.test_c_stack_harness" name="test_additional_harnesses_emit_canonical_state[linked_list-linked_list_harness.c-tad_lista.c-arguments2-expected2]" time="0.843" /><testcase classname="tests.test_c_stack_harness" name="test_additional_harnesses_emit_canonical_state[circular_list-circular_list_harness.c-tad_lista_circular.c-arguments3-expected3]" time="0.817" /><testcase classname="tests.test_c_stack_harness" name="test_additional_harnesses_emit_canonical_state[priority_queue-priority_queue_harness.c-tad_cola_prioridad.c-arguments4-expected4]" time="0.833" /><testcase classname="tests.test_c_stack_harness" name="test_additional_harnesses_emit_canonical_state[sublist-sublist_harness.c-tad_sublista.c-arguments5-expected5]" time="0.818" /><testcase classname="tests.test_c_stack_harness" name="test_additional_harnesses_emit_canonical_state[binary_heap-binary_heap_harness.c-tad_monticulo_binario.c-arguments6-expected6]" time="0.851" /><testcase classname="tests.test_c_stack_harness" name="test_additional_harnesses_emit_canonical_state[abb-abb_harness.c-tad_abb.c-arguments7-expected7]" time="1.571" /><testcase classname="tests.test_c_stack_harness" name="test_additional_harnesses_emit_canonical_state[avl-avl_harness.c-tad_avl.c-arguments8-expected8]" time="0.856" /><testcase classname="tests.test_c_stack_harness" name="test_additional_harnesses_emit_canonical_state[red_black-red_black_harness.c-tad_rojo_negro.c-arguments9-expected9]" time="1.562" /><testcase classname="tests.test_c_stack_harness" name="test_additional_harnesses_emit_canonical_state[graph-graph_harness.c-tad_grafo.c-arguments10-expected10]" time="1.051" /><testcase classname="tests.test_c_stack_harness" name="test_additional_harnesses_emit_canonical_state[hash_table-hash_table_harness.c-tad_tabla_hash.c-arguments11-expected11]" time="0.813" /><testcase classname="tests.test_canonical_state" name="test_sequential_state_preserves_contractual_order" time="0.001" /><testcase classname="tests.test_canonical_state" name="test_tree_state_records_shape_and_traversals" time="0.001" /><testcase classname="tests.test_canonical_state" name="test_heap_rejects_invalid_parent_child_order" time="0.001" /><testcase classname="tests.test_canonical_state" name="test_hash_state_ignores_bucket_representation_order" time="0.001" /><testcase classname="tests.test_canonical_state" name="test_undirected_graph_normalizes_edge_orientation" time="0.001" /><testcase classname="tests.test_canonical_state" name="test_size_mismatch_is_rejected" time="0.001" /><testcase classname="tests.test_checkpoint_policy" name="test_checkpoint_policy_defaults_are_safe_and_match_specification" time="0.001" /><testcase classname="tests.test_checkpoint_policy" name="test_enabled_policy_creates_only_at_mutating_interval_boundaries" time="0.001" /><testcase classname="tests.test_checkpoint_policy" name="test_checkpoint_policy_rejects_invalid_configuration[config0]" time="0.001" /><testcase classname="tests.test_checkpoint_policy" name="test_checkpoint_policy_rejects_invalid_configuration[config1]" time="0.001" /><testcase classname="tests.test_checkpoint_policy" name="test_checkpoint_policy_rejects_invalid_configuration[config2]" time="0.001" /><testcase classname="tests.test_checkpoint_policy" name="test_checkpoint_policy_rejects_invalid_configuration[config3]" time="0.001" /><testcase classname="tests.test_checkpoint_policy" name="test_checkpoint_policy_rejects_invalid_history_offset" time="0.001" /><testcase classname="tests.test_checkpoint_policy" name="test_application_registers_validated_checkpoint_policy" time="0.043" /><testcase classname="tests.test_checkpoint_policy" name="test_application_rejects_invalid_checkpoint_configuration" time="0.002" /><testcase classname="tests.test_checkpoint_reconstruction" name="test_valid_checkpoint_imports_state_and_skips_prior_history" time="0.001" /><testcase classname="tests.test_checkpoint_reconstruction" name="test_invalid_checkpoint_falls_back_to_fresh_full_replay[&lt;lambda&gt;-checksum]" time="0.001" /><testcase classname="tests.test_checkpoint_reconstruction" name="test_invalid_checkpoint_falls_back_to_fresh_full_replay[&lt;lambda&gt;-compatibility]" time="0.001" /><testcase classname="tests.test_checkpoint_reconstruction" name="test_invalid_checkpoint_falls_back_to_fresh_full_replay[&lt;lambda&gt;-format0]" time="0.001" /><testcase classname="tests.test_checkpoint_reconstruction" name="test_invalid_checkpoint_falls_back_to_fresh_full_replay[&lt;lambda&gt;-format1]" time="0.001" /><testcase classname="tests.test_checkpoint_reconstruction" name="test_checkpoint_beyond_truncated_history_falls_back_safely" time="0.001" /><testcase classname="tests.test_checkpoint_reconstruction" name="test_partial_import_failure_discards_mutated_candidate" time="0.001" /><testcase classname="tests.test_checkpoint_reconstruction" name="test_no_checkpoint_uses_full_replay_without_fallback_error" time="0.002" /><testcase classname="tests.test_checkpoint_reconstruction_performance" name="test_reconstruction_p95_stays_below_200_ms_for_all_families" time="0.624" /><testcase classname="tests.test_checkpoints" name="test_checkpoint_round_trip_has_stable_checksum_and_detached_state" time="0.001" /><testcase classname="tests.test_checkpoints" name="test_checkpoint_rejects_incompatible_or_invalid_fields[schema_version-2-CheckpointCompatibilityError]" time="0.001" /><testcase classname="tests.test_checkpoints" name="test_checkpoint_rejects_incompatible_or_invalid_fields[structure_id-queue-CheckpointCompatibilityError]" time="0.001" /><testcase classname="tests.test_checkpoints" name="test_checkpoint_rejects_incompatible_or_invalid_fields[adapter_version-stack-v2-CheckpointCompatibilityError]" time="0.001" /><testcase classname="tests.test_checkpoints" name="test_checkpoint_rejects_incompatible_or_invalid_fields[history_offset--1-CheckpointFormatError]" time="0.001" /><testcase classname="tests.test_checkpoints" name="test_checkpoint_rejects_incompatible_or_invalid_fields[checksum-bad-CheckpointFormatError]" time="0.001" /><testcase classname="tests.test_checkpoints" name="test_checkpoint_rejects_tampering" time="0.001" /><testcase classname="tests.test_checkpoints" name="test_checkpoint_rejects_missing_and_extra_fields" time="0.001" /><testcase classname="tests.test_checkpoints" name="test_checkpoint_creation_rejects_non_json_state" time="0.001" /><testcase classname="tests.test_ci_job_separation" name="test_unit_integration_job_excludes_e2e_and_runs_coverage_gates" time="0.001" /><testcase classname="tests.test_ci_job_separation" name="test_e2e_job_installs_chromium_and_runs_only_browser_tests" time="0.001" /><testcase classname="tests.test_ci_job_separation" name="test_c17_conformance_and_sanitizers_are_independent_jobs" time="0.001" /><testcase classname="tests.test_ci_job_separation" name="test_quality_workflows_share_the_same_triggers" time="0.001" /><testcase classname="tests.test_comprehensive_graph_qa" name="test_graph_case_matrix_covers_every_registered_operation" time="0.001" /><testcase classname="tests.test_comprehensive_graph_qa" name="test_every_graph_operation_returns_a_consistent_trace[clear_graph]" time="0.260" /><testcase classname="tests.test_comprehensive_graph_qa" name="test_every_graph_operation_returns_a_consistent_trace[create_graph]" time="0.060" /><testcase classname="tests.test_comprehensive_graph_qa" name="test_every_graph_operation_returns_a_consistent_trace[edge_weight]" time="0.284" /><testcase classname="tests.test_comprehensive_graph_qa" name="test_every_graph_operation_returns_a_consistent_trace[exists_edge]" time="0.270" /><testcase classname="tests.test_comprehensive_graph_qa" name="test_every_graph_operation_returns_a_consistent_trace[exists_vertex]" time="0.268" /><testcase classname="tests.test_comprehensive_graph_qa" name="test_every_graph_operation_returns_a_consistent_trace[generate_random_graph]" time="0.060" /><testcase classname="tests.test_comprehensive_graph_qa" name="test_every_graph_operation_returns_a_consistent_trace[insert_edge]" time="0.174" /><testcase classname="tests.test_comprehensive_graph_qa" name="test_every_graph_operation_returns_a_consistent_trace[insert_vertex]" time="0.085" /><testcase classname="tests.test_comprehensive_graph_qa" name="test_every_graph_operation_returns_a_consistent_trace[list_edges]" time="0.286" /><testcase classname="tests.test_comprehensive_graph_qa" name="test_every_graph_operation_returns_a_consistent_trace[list_vertices]" time="0.264" /><testcase classname="tests.test_comprehensive_graph_qa" name="test_every_graph_operation_returns_a_consistent_trace[neighbors]" time="0.280" /><testcase classname="tests.test_comprehensive_graph_qa" name="test_every_graph_operation_returns_a_consistent_trace[remove_edge]" time="0.298" /><testcase classname="tests.test_comprehensive_graph_qa" name="test_every_graph_operation_returns_a_consistent_trace[remove_vertex]" time="0.283" /><testcase classname="tests.test_comprehensive_graph_qa" name="test_every_graph_operation_returns_a_consistent_trace[run_bellman_ford]" time="0.481" /><testcase classname="tests.test_comprehensive_graph_qa" name="test_every_graph_operation_returns_a_consistent_trace[run_bfs]" time="0.462" /><testcase classname="tests.test_comprehensive_graph_qa" name="test_every_graph_operation_returns_a_consistent_trace[run_dfs]" time="0.393" /><testcase classname="tests.test_comprehensive_graph_qa" name="test_every_graph_operation_returns_a_consistent_trace[run_dijkstra]" time="0.536" /><testcase classname="tests.test_comprehensive_graph_qa" name="test_every_graph_operation_returns_a_consistent_trace[run_kruskal]" time="0.369" /><testcase classname="tests.test_comprehensive_graph_qa" name="test_every_graph_operation_returns_a_consistent_trace[run_prim]" time="0.433" /><testcase classname="tests.test_comprehensive_graph_qa" name="test_graph_algorithms_return_expected_traversal_shortest_path_and_mst" time="0.881" /><testcase classname="tests.test_comprehensive_graph_qa" name="test_graph_invalid_input_and_dijkstra_negative_weight_are_controlled" time="0.229" /><testcase classname="tests.test_comprehensive_graph_qa" name="test_every_graph_learning_phase_renders[construccion]" time="0.108" /><testcase classname="tests.test_comprehensive_graph_qa" name="test_every_graph_learning_phase_renders[recorridos]" time="0.079" /><testcase classname="tests.test_comprehensive_graph_qa" name="test_every_graph_learning_phase_renders[camino-minimo]" time="0.083" /><testcase classname="tests.test_comprehensive_graph_qa" name="test_every_graph_learning_phase_renders[expansion-minima]" time="0.081" /><testcase classname="tests.test_comprehensive_hash_qa" name="test_hash_case_matrix_covers_every_registered_operation" time="0.001" /><testcase classname="tests.test_comprehensive_hash_qa" name="test_every_hash_operation_returns_consistent_state_and_trace[clear]" time="0.148" /><testcase classname="tests.test_comprehensive_hash_qa" name="test_every_hash_operation_returns_consistent_state_and_trace[contains]" time="0.142" /><testcase classname="tests.test_comprehensive_hash_qa" name="test_every_hash_operation_returns_consistent_state_and_trace[create_table]" time="0.073" /><testcase classname="tests.test_comprehensive_hash_qa" name="test_every_hash_operation_returns_consistent_state_and_trace[destroy_table]" time="0.153" /><testcase classname="tests.test_comprehensive_hash_qa" name="test_every_hash_operation_returns_consistent_state_and_trace[get]" time="0.175" /><testcase classname="tests.test_comprehensive_hash_qa" name="test_every_hash_operation_returns_consistent_state_and_trace[insert]" time="0.092" /><testcase classname="tests.test_comprehensive_hash_qa" name="test_every_hash_operation_returns_consistent_state_and_trace[items]" time="0.129" /><testcase classname="tests.test_comprehensive_hash_qa" name="test_every_hash_operation_returns_consistent_state_and_trace[keys]" time="0.128" /><testcase classname="tests.test_comprehensive_hash_qa" name="test_every_hash_operation_returns_consistent_state_and_trace[remove]" time="0.157" /><testcase classname="tests.test_comprehensive_hash_qa" name="test_every_hash_operation_returns_consistent_state_and_trace[stats]" time="0.135" /><testcase classname="tests.test_comprehensive_hash_qa" name="test_every_hash_operation_returns_consistent_state_and_trace[values]" time="0.150" /><testcase classname="tests.test_comprehensive_hash_qa" name="test_hash_collision_update_negative_key_and_removal_preserve_bucket_invariants" time="0.332" /><testcase classname="tests.test_comprehensive_hash_qa" name="test_hash_allocation_failure_and_invalid_capacity_leave_state_safe" time="0.104" /><testcase classname="tests.test_comprehensive_hash_qa" name="test_hash_capacity_comparison_is_isolated_and_validates_payload" time="0.045" /><testcase classname="tests.test_comprehensive_hierarchical_qa" name="test_hierarchical_case_matrix_covers_every_registered_operation" time="0.001" /><testcase classname="tests.test_comprehensive_hierarchical_qa" name="test_every_hierarchical_operation_has_valid_state_and_trace[abb-altura]" time="0.151" /><testcase classname="tests.test_comprehensive_hierarchical_qa" name="test_every_hierarchical_operation_has_valid_state_and_trace[abb-buscar]" time="0.119" /><testcase classname="tests.test_comprehensive_hierarchical_qa" name="test_every_hierarchical_operation_has_valid_state_and_trace[abb-contar_hojas]" time="0.134" /><testcase classname="tests.test_comprehensive_hierarchical_qa" name="test_every_hierarchical_operation_has_valid_state_and_trace[abb-eliminar]" time="0.114" /><testcase classname="tests.test_comprehensive_hierarchical_qa" name="test_every_hierarchical_operation_has_valid_state_and_trace[abb-inorden]" time="0.123" /><testcase classname="tests.test_comprehensive_hierarchical_qa" name="test_every_hierarchical_operation_has_valid_state_and_trace[abb-insertar]" time="0.058" /><testcase classname="tests.test_comprehensive_hierarchical_qa" name="test_every_hierarchical_operation_has_valid_state_and_trace[abb-limpiar]" time="0.118" /><testcase classname="tests.test_comprehensive_hierarchical_qa" name="test_every_hierarchical_operation_has_valid_state_and_trace[abb-maximo]" time="0.121" /><testcase classname="tests.test_comprehensive_hierarchical_qa" name="test_every_hierarchical_operation_has_valid_state_and_trace[abb-minimo]" time="0.100" /><testcase classname="tests.test_comprehensive_hierarchical_qa" name="test_every_hierarchical_operation_has_valid_state_and_trace[abb-postorden]" time="0.122" /><testcase classname="tests.test_comprehensive_hierarchical_qa" name="test_every_hierarchical_operation_has_valid_state_and_trace[abb-preorden]" time="0.125" /><testcase classname="tests.test_comprehensive_hierarchical_qa" name="test_every_hierarchical_operation_has_valid_state_and_trace[abb-validar]" time="0.124" /><testcase classname="tests.test_comprehensive_hierarchical_qa" name="test_every_hierarchical_operation_has_valid_state_and_trace[avl-altura]" time="0.150" /><testcase classname="tests.test_comprehensive_hierarchical_qa" name="test_every_hierarchical_operation_has_valid_state_and_trace[avl-buscar]" time="0.155" /><testcase classname="tests.test_comprehensive_hierarchical_qa" name="test_every_hierarchical_operation_has_valid_state_and_trace[avl-eliminar]" time="0.156" /><testcase classname="tests.test_comprehensive_hierarchical_qa" name="test_every_hierarchical_operation_has_valid_state_and_trace[avl-inorden]" time="0.155" /><testcase classname="tests.test_comprehensive_hierarchical_qa" name="test_every_hierarchical_operation_has_valid_state_and_trace[avl-insertar]" time="0.061" /><testcase classname="tests.test_comprehensive_hierarchical_qa" name="test_every_hierarchical_operation_has_valid_state_and_trace[avl-limpiar]" time="0.158" /><testcase classname="tests.test_comprehensive_hierarchical_qa" name="test_every_hierarchical_operation_has_valid_state_and_trace[avl-maximo]" time="0.173" /><testcase classname="tests.test_comprehensive_hierarchical_qa" name="test_every_hierarchical_operation_has_valid_state_and_trace[avl-minimo]" time="0.138" /><testcase classname="tests.test_comprehensive_hierarchical_qa" name="test_every_hierarchical_operation_has_valid_state_and_trace[avl-validar]" time="0.186" /><testcase classname="tests.test_comprehensive_hierarchical_qa" name="test_every_hierarchical_operation_has_valid_state_and_trace[binary_heap-a_lista]" time="0.128" /><testcase classname="tests.test_comprehensive_hierarchical_qa" name="test_every_hierarchical_operation_has_valid_state_and_trace[binary_heap-extraer_raiz]" time="0.125" /><testcase classname="tests.test_comprehensive_hierarchical_qa" name="test_every_hierarchical_operation_has_valid_state_and_trace[binary_heap-insertar]" time="0.062" /><testcase classname="tests.test_comprehensive_hierarchical_qa" name="test_every_hierarchical_operation_has_valid_state_and_trace[binary_heap-limpiar]" time="0.111" /><testcase classname="tests.test_comprehensive_hierarchical_qa" name="test_every_hierarchical_operation_has_valid_state_and_trace[binary_heap-raiz]" time="0.107" /><testcase classname="tests.test_comprehensive_hierarchical_qa" name="test_every_hierarchical_operation_has_valid_state_and_trace[red_black-altura]" time="0.234" /><testcase classname="tests.test_comprehensive_hierarchical_qa" name="test_every_hierarchical_operation_has_valid_state_and_trace[red_black-buscar]" time="0.166" /><testcase classname="tests.test_comprehensive_hierarchical_qa" name="test_every_hierarchical_operation_has_valid_state_and_trace[red_black-eliminar]" time="0.165" /><testcase classname="tests.test_comprehensive_hierarchical_qa" name="test_every_hierarchical_operation_has_valid_state_and_trace[red_black-inorden]" time="0.216" /><testcase classname="tests.test_comprehensive_hierarchical_qa" name="test_every_hierarchical_operation_has_valid_state_and_trace[red_black-insertar]" time="0.065" /><testcase classname="tests.test_comprehensive_hierarchical_qa" name="test_every_hierarchical_operation_has_valid_state_and_trace[red_black-limpiar]" time="0.171" /><testcase classname="tests.test_comprehensive_hierarchical_qa" name="test_every_hierarchical_operation_has_valid_state_and_trace[red_black-validar]" time="0.172" /><testcase classname="tests.test_comprehensive_hierarchical_qa" name="test_hierarchical_invalid_integer_is_rejected_without_history[abb]" time="0.119" /><testcase classname="tests.test_comprehensive_hierarchical_qa" name="test_hierarchical_invalid_integer_is_rejected_without_history[avl]" time="0.055" /><testcase classname="tests.test_comprehensive_hierarchical_qa" name="test_hierarchical_invalid_integer_is_rejected_without_history[red_black]" time="0.058" /><testcase classname="tests.test_comprehensive_hierarchical_qa" name="test_hierarchical_invalid_integer_is_rejected_without_history[binary_heap]" time="0.066" /><testcase classname="tests.test_comprehensive_hierarchical_qa" name="test_balanced_tree_rotations_and_deletion_keep_invariants[abb]" time="0.368" /><testcase classname="tests.test_comprehensive_hierarchical_qa" name="test_balanced_tree_rotations_and_deletion_keep_invariants[avl]" time="0.445" /><testcase classname="tests.test_comprehensive_hierarchical_qa" name="test_balanced_tree_rotations_and_deletion_keep_invariants[red_black]" time="0.574" /><testcase classname="tests.test_comprehensive_hierarchical_qa" name="test_heap_extracts_in_ascending_order_and_preserves_heap_property" time="0.231" /><testcase classname="tests.test_comprehensive_quality_qa" name="test_main_module_screens_publish_keyboard_and_reduced_motion_support[/sequential/stack]" time="0.078" /><testcase classname="tests.test_comprehensive_quality_qa" name="test_main_module_screens_publish_keyboard_and_reduced_motion_support[/hierarchical/avl]" time="0.060" /><testcase classname="tests.test_comprehensive_quality_qa" name="test_main_module_screens_publish_keyboard_and_reduced_motion_support[/graph/graph/recorridos]" time="0.074" /><testcase classname="tests.test_comprehensive_quality_qa" name="test_main_module_screens_publish_keyboard_and_reduced_motion_support[/hash/hash_table]" time="0.059" /><testcase classname="tests.test_comprehensive_quality_qa" name="test_main_module_screens_publish_keyboard_and_reduced_motion_support[/sorting/visualizador]" time="0.065" /><testcase classname="tests.test_comprehensive_quality_qa" name="test_security_boundaries_reject_traversal_and_untrusted_operation_payloads" time="0.052" /><testcase classname="tests.test_comprehensive_quality_qa" name="test_common_views_and_small_trace_complete_within_local_quality_budget" time="0.134" /><testcase classname="tests.test_comprehensive_sequential_qa" name="test_every_registered_sequential_operation_has_a_normal_case" time="0.001" /><testcase classname="tests.test_comprehensive_sequential_qa" name="test_each_sequential_operation_succeeds_and_emits_synchronized_trace[circular_list-buscar_posiciones]" time="0.066" /><testcase classname="tests.test_comprehensive_sequential_qa" name="test_each_sequential_operation_succeeds_and_emits_synchronized_trace[circular_list-eliminar_inicio]" time="0.066" /><testcase classname="tests.test_comprehensive_sequential_qa" name="test_each_sequential_operation_succeeds_and_emits_synchronized_trace[circular_list-eliminar_primero]" time="0.072" /><testcase classname="tests.test_comprehensive_sequential_qa" name="test_each_sequential_operation_succeeds_and_emits_synchronized_trace[circular_list-insertar_final]" time="0.053" /><testcase classname="tests.test_comprehensive_sequential_qa" name="test_each_sequential_operation_succeeds_and_emits_synchronized_trace[circular_list-insertar_inicio]" time="0.053" /><testcase classname="tests.test_comprehensive_sequential_qa" name="test_each_sequential_operation_succeeds_and_emits_synchronized_trace[circular_list-invertir]" time="0.080" /><testcase classname="tests.test_comprehensive_sequential_qa" name="test_each_sequential_operation_succeeds_and_emits_synchronized_trace[circular_list-limpiar]" time="0.066" /><testcase classname="tests.test_comprehensive_sequential_qa" name="test_each_sequential_operation_succeeds_and_emits_synchronized_trace[linked_list-buscar_elemento]" time="0.063" /><testcase classname="tests.test_comprehensive_sequential_qa" name="test_each_sequential_operation_succeeds_and_emits_synchronized_trace[linked_list-buscar_posiciones]" time="0.065" /><testcase classname="tests.test_comprehensive_sequential_qa" name="test_each_sequential_operation_succeeds_and_emits_synchronized_trace[linked_list-eliminar_elemento]" time="0.066" /><testcase classname="tests.test_comprehensive_sequential_qa" name="test_each_sequential_operation_succeeds_and_emits_synchronized_trace[linked_list-eliminar_final]" time="0.066" /><testcase classname="tests.test_comprehensive_sequential_qa" name="test_each_sequential_operation_succeeds_and_emits_synchronized_trace[linked_list-eliminar_inicio]" time="0.063" /><testcase classname="tests.test_comprehensive_sequential_qa" name="test_each_sequential_operation_succeeds_and_emits_synchronized_trace[linked_list-eliminar_posicion]" time="0.066" /><testcase classname="tests.test_comprehensive_sequential_qa" name="test_each_sequential_operation_succeeds_and_emits_synchronized_trace[linked_list-eliminar_primero]" time="0.067" /><testcase classname="tests.test_comprehensive_sequential_qa" name="test_each_sequential_operation_succeeds_and_emits_synchronized_trace[linked_list-eliminar_repetidos]" time="0.082" /><testcase classname="tests.test_comprehensive_sequential_qa" name="test_each_sequential_operation_succeeds_and_emits_synchronized_trace[linked_list-insertar_elemento]" time="0.074" /><testcase classname="tests.test_comprehensive_sequential_qa" name="test_each_sequential_operation_succeeds_and_emits_synchronized_trace[linked_list-insertar_final]" time="0.055" /><testcase classname="tests.test_comprehensive_sequential_qa" name="test_each_sequential_operation_succeeds_and_emits_synchronized_trace[linked_list-insertar_inicio]" time="0.054" /><testcase classname="tests.test_comprehensive_sequential_qa" name="test_each_sequential_operation_succeeds_and_emits_synchronized_trace[linked_list-insertar_posicion]" time="0.069" /><testcase classname="tests.test_comprehensive_sequential_qa" name="test_each_sequential_operation_succeeds_and_emits_synchronized_trace[linked_list-invertir]" time="0.143" /><testcase classname="tests.test_comprehensive_sequential_qa" name="test_each_sequential_operation_succeeds_and_emits_synchronized_trace[linked_list-limpiar]" time="0.064" /><testcase classname="tests.test_comprehensive_sequential_qa" name="test_each_sequential_operation_succeeds_and_emits_synchronized_trace[linked_list-lista_insertar_elemento]" time="0.118" /><testcase classname="tests.test_comprehensive_sequential_qa" name="test_each_sequential_operation_succeeds_and_emits_synchronized_trace[linked_list-mostrar]" time="0.068" /><testcase classname="tests.test_comprehensive_sequential_qa" name="test_each_sequential_operation_succeeds_and_emits_synchronized_trace[linked_list-primero]" time="0.063" /><testcase classname="tests.test_comprehensive_sequential_qa" name="test_each_sequential_operation_succeeds_and_emits_synchronized_trace[linked_list-ultimo]" time="0.062" /><testcase classname="tests.test_comprehensive_sequential_qa" name="test_each_sequential_operation_succeeds_and_emits_synchronized_trace[priority_queue-desencolar]" time="0.071" /><testcase classname="tests.test_comprehensive_sequential_qa" name="test_each_sequential_operation_succeeds_and_emits_synchronized_trace[priority_queue-encolar]" time="0.052" /><testcase classname="tests.test_comprehensive_sequential_qa" name="test_each_sequential_operation_succeeds_and_emits_synchronized_trace[priority_queue-frente]" time="0.068" /><testcase classname="tests.test_comprehensive_sequential_qa" name="test_each_sequential_operation_succeeds_and_emits_synchronized_trace[priority_queue-limpiar]" time="0.071" /><testcase classname="tests.test_comprehensive_sequential_qa" name="test_each_sequential_operation_succeeds_and_emits_synchronized_trace[queue-desencolar]" time="0.062" /><testcase classname="tests.test_comprehensive_sequential_qa" name="test_each_sequential_operation_succeeds_and_emits_synchronized_trace[queue-encolar]" time="0.060" /><testcase classname="tests.test_comprehensive_sequential_qa" name="test_each_sequential_operation_succeeds_and_emits_synchronized_trace[queue-limpiar]" time="0.067" /><testcase classname="tests.test_comprehensive_sequential_qa" name="test_each_sequential_operation_succeeds_and_emits_synchronized_trace[stack-apilar]" time="0.050" /><testcase classname="tests.test_comprehensive_sequential_qa" name="test_each_sequential_operation_succeeds_and_emits_synchronized_trace[stack-desapilar]" time="0.058" /><testcase classname="tests.test_comprehensive_sequential_qa" name="test_each_sequential_operation_succeeds_and_emits_synchronized_trace[stack-limpiar]" time="0.058" /><testcase classname="tests.test_comprehensive_sequential_qa" name="test_each_sequential_operation_succeeds_and_emits_synchronized_trace[sublist-eliminar_hijo]" time="0.078" /><testcase classname="tests.test_comprehensive_sequential_qa" name="test_each_sequential_operation_succeeds_and_emits_synchronized_trace[sublist-eliminar_padre]" time="0.068" /><testcase classname="tests.test_comprehensive_sequential_qa" name="test_each_sequential_operation_succeeds_and_emits_synchronized_trace[sublist-hijos_de]" time="0.077" /><testcase classname="tests.test_comprehensive_sequential_qa" name="test_each_sequential_operation_succeeds_and_emits_synchronized_trace[sublist-insertar_hijo]" time="0.081" /><testcase classname="tests.test_comprehensive_sequential_qa" name="test_each_sequential_operation_succeeds_and_emits_synchronized_trace[sublist-insertar_padre]" time="0.053" /><testcase classname="tests.test_comprehensive_sequential_qa" name="test_each_sequential_operation_succeeds_and_emits_synchronized_trace[sublist-limpiar]" time="0.072" /><testcase classname="tests.test_comprehensive_sequential_qa" name="test_input_validation_rejects_invalid_values_for_every_sequential_structure[circular_list]" time="0.061" /><testcase classname="tests.test_comprehensive_sequential_qa" name="test_input_validation_rejects_invalid_values_for_every_sequential_structure[linked_list]" time="0.052" /><testcase classname="tests.test_comprehensive_sequential_qa" name="test_input_validation_rejects_invalid_values_for_every_sequential_structure[priority_queue]" time="0.064" /><testcase classname="tests.test_comprehensive_sequential_qa" name="test_input_validation_rejects_invalid_values_for_every_sequential_structure[queue]" time="0.053" /><testcase classname="tests.test_comprehensive_sequential_qa" name="test_input_validation_rejects_invalid_values_for_every_sequential_structure[stack]" time="0.052" /><testcase classname="tests.test_comprehensive_sequential_qa" name="test_input_validation_rejects_invalid_values_for_every_sequential_structure[sublist]" time="0.075" /><testcase classname="tests.test_comprehensive_sequential_qa" name="test_sequential_integer_boundaries_are_preserved_in_visual_state[stack-apilar-value--2147483648]" time="0.052" /><testcase classname="tests.test_comprehensive_sequential_qa" name="test_sequential_integer_boundaries_are_preserved_in_visual_state[stack-apilar-value-2147483647]" time="0.050" /><testcase classname="tests.test_comprehensive_sequential_qa" name="test_sequential_integer_boundaries_are_preserved_in_visual_state[queue-encolar-value--2147483648]" time="0.052" /><testcase classname="tests.test_comprehensive_sequential_qa" name="test_sequential_integer_boundaries_are_preserved_in_visual_state[queue-encolar-value-2147483647]" time="0.051" /><testcase classname="tests.test_comprehensive_sequential_qa" name="test_sequential_integer_boundaries_are_preserved_in_visual_state[priority_queue-encolar-value--2147483648]" time="0.054" /><testcase classname="tests.test_comprehensive_sequential_qa" name="test_sequential_integer_boundaries_are_preserved_in_visual_state[priority_queue-encolar-value-2147483647]" time="0.064" /><testcase classname="tests.test_comprehensive_sequential_qa" name="test_sequential_integer_boundaries_are_preserved_in_visual_state[linked_list-insertar_inicio-value--2147483648]" time="0.058" /><testcase classname="tests.test_comprehensive_sequential_qa" name="test_sequential_integer_boundaries_are_preserved_in_visual_state[linked_list-insertar_inicio-value-2147483647]" time="0.062" /><testcase classname="tests.test_comprehensive_sequential_qa" name="test_sequential_integer_boundaries_are_preserved_in_visual_state[circular_list-insertar_inicio-value--2147483648]" time="0.057" /><testcase classname="tests.test_comprehensive_sequential_qa" name="test_sequential_integer_boundaries_are_preserved_in_visual_state[circular_list-insertar_inicio-value-2147483647]" time="0.061" /><testcase classname="tests.test_comprehensive_sequential_qa" name="test_sequential_integer_boundaries_are_preserved_in_visual_state[sublist-insertar_padre-parent--2147483648]" time="0.061" /><testcase classname="tests.test_comprehensive_sequential_qa" name="test_sequential_integer_boundaries_are_preserved_in_visual_state[sublist-insertar_padre-parent-2147483647]" time="0.056" /><testcase classname="tests.test_comprehensive_sequential_qa" name="test_sequential_empty_or_missing_parent_cases_are_controlled[stack-desapilar-payload0]" time="0.052" /><testcase classname="tests.test_comprehensive_sequential_qa" name="test_sequential_empty_or_missing_parent_cases_are_controlled[queue-desencolar-payload1]" time="0.050" /><testcase classname="tests.test_comprehensive_sequential_qa" name="test_sequential_empty_or_missing_parent_cases_are_controlled[priority_queue-desencolar-payload2]" time="0.052" /><testcase classname="tests.test_comprehensive_sequential_qa" name="test_sequential_empty_or_missing_parent_cases_are_controlled[priority_queue-frente-payload3]" time="0.051" /><testcase classname="tests.test_comprehensive_sequential_qa" name="test_sequential_empty_or_missing_parent_cases_are_controlled[linked_list-eliminar_inicio-payload4]" time="0.052" /><testcase classname="tests.test_comprehensive_sequential_qa" name="test_sequential_empty_or_missing_parent_cases_are_controlled[linked_list-eliminar_final-payload5]" time="0.054" /><testcase classname="tests.test_comprehensive_sequential_qa" name="test_sequential_empty_or_missing_parent_cases_are_controlled[circular_list-eliminar_inicio-payload6]" time="0.049" /><testcase classname="tests.test_comprehensive_sequential_qa" name="test_sequential_empty_or_missing_parent_cases_are_controlled[sublist-hijos_de-payload7]" time="0.047" /><testcase classname="tests.test_comprehensive_sequential_qa" name="test_lifo_fifo_priority_and_circular_invariants_survive_history_replay" time="0.196" /><testcase classname="tests.test_comprehensive_sorting_qa" name="test_all_sorting_algorithms_finish_with_the_api_equivalent_of_python_sort[7-intercambio]" time="0.073" /><testcase classname="tests.test_comprehensive_sorting_qa" name="test_all_sorting_algorithms_finish_with_the_api_equivalent_of_python_sort[7-seleccion]" time="0.074" /><testcase classname="tests.test_comprehensive_sorting_qa" name="test_all_sorting_algorithms_finish_with_the_api_equivalent_of_python_sort[7-insercion]" time="0.074" /><testcase classname="tests.test_comprehensive_sorting_qa" name="test_all_sorting_algorithms_finish_with_the_api_equivalent_of_python_sort[7-burbuja]" time="0.076" /><testcase classname="tests.test_comprehensive_sorting_qa" name="test_all_sorting_algorithms_finish_with_the_api_equivalent_of_python_sort[7-shell]" time="0.077" /><testcase classname="tests.test_comprehensive_sorting_qa" name="test_all_sorting_algorithms_finish_with_the_api_equivalent_of_python_sort[7-quicksort]" time="0.090" /><testcase classname="tests.test_comprehensive_sorting_qa" name="test_all_sorting_algorithms_finish_with_the_api_equivalent_of_python_sort[7-mergesort]" time="0.075" /><testcase classname="tests.test_comprehensive_sorting_qa" name="test_all_sorting_algorithms_finish_with_the_api_equivalent_of_python_sort[7-heapsort]" time="0.073" /><testcase classname="tests.test_comprehensive_sorting_qa" name="test_all_sorting_algorithms_finish_with_the_api_equivalent_of_python_sort[7-counting_sort]" time="0.095" /><testcase classname="tests.test_comprehensive_sorting_qa" name="test_all_sorting_algorithms_finish_with_the_api_equivalent_of_python_sort[7-binsort]" time="0.073" /><testcase classname="tests.test_comprehensive_sorting_qa" name="test_all_sorting_algorithms_finish_with_the_api_equivalent_of_python_sort[7-radixsort]" time="0.075" /><testcase classname="tests.test_comprehensive_sorting_qa" name="test_all_sorting_algorithms_finish_with_the_api_equivalent_of_python_sort[3,1,3,0,-2-intercambio]" time="0.098" /><testcase classname="tests.test_comprehensive_sorting_qa" name="test_all_sorting_algorithms_finish_with_the_api_equivalent_of_python_sort[3,1,3,0,-2-seleccion]" time="0.093" /><testcase classname="tests.test_comprehensive_sorting_qa" name="test_all_sorting_algorithms_finish_with_the_api_equivalent_of_python_sort[3,1,3,0,-2-insercion]" time="0.087" /><testcase classname="tests.test_comprehensive_sorting_qa" name="test_all_sorting_algorithms_finish_with_the_api_equivalent_of_python_sort[3,1,3,0,-2-burbuja]" time="0.104" /><testcase classname="tests.test_comprehensive_sorting_qa" name="test_all_sorting_algorithms_finish_with_the_api_equivalent_of_python_sort[3,1,3,0,-2-shell]" time="0.090" /><testcase classname="tests.test_comprehensive_sorting_qa" name="test_all_sorting_algorithms_finish_with_the_api_equivalent_of_python_sort[3,1,3,0,-2-quicksort]" time="0.105" /><testcase classname="tests.test_comprehensive_sorting_qa" name="test_all_sorting_algorithms_finish_with_the_api_equivalent_of_python_sort[3,1,3,0,-2-mergesort]" time="0.095" /><testcase classname="tests.test_comprehensive_sorting_qa" name="test_all_sorting_algorithms_finish_with_the_api_equivalent_of_python_sort[3,1,3,0,-2-heapsort]" time="0.143" /><testcase classname="tests.test_comprehensive_sorting_qa" name="test_all_sorting_algorithms_finish_with_the_api_equivalent_of_python_sort[3,1,3,0,-2-counting_sort]" time="0.080" /><testcase classname="tests.test_comprehensive_sorting_qa" name="test_all_sorting_algorithms_finish_with_the_api_equivalent_of_python_sort[3,1,3,0,-2-binsort]" time="0.081" /><testcase classname="tests.test_comprehensive_sorting_qa" name="test_all_sorting_algorithms_finish_with_the_api_equivalent_of_python_sort[3,1,3,0,-2-radixsort]" time="0.077" /><testcase classname="tests.test_comprehensive_sorting_qa" name="test_all_sorting_algorithms_finish_with_the_api_equivalent_of_python_sort[5,4,3,2,1-intercambio]" time="0.112" /><testcase classname="tests.test_comprehensive_sorting_qa" name="test_all_sorting_algorithms_finish_with_the_api_equivalent_of_python_sort[5,4,3,2,1-seleccion]" time="0.091" /><testcase classname="tests.test_comprehensive_sorting_qa" name="test_all_sorting_algorithms_finish_with_the_api_equivalent_of_python_sort[5,4,3,2,1-insercion]" time="0.098" /><testcase classname="tests.test_comprehensive_sorting_qa" name="test_all_sorting_algorithms_finish_with_the_api_equivalent_of_python_sort[5,4,3,2,1-burbuja]" time="0.115" /><testcase classname="tests.test_comprehensive_sorting_qa" name="test_all_sorting_algorithms_finish_with_the_api_equivalent_of_python_sort[5,4,3,2,1-shell]" time="0.092" /><testcase classname="tests.test_comprehensive_sorting_qa" name="test_all_sorting_algorithms_finish_with_the_api_equivalent_of_python_sort[5,4,3,2,1-quicksort]" time="0.099" /><testcase classname="tests.test_comprehensive_sorting_qa" name="test_all_sorting_algorithms_finish_with_the_api_equivalent_of_python_sort[5,4,3,2,1-mergesort]" time="0.104" /><testcase classname="tests.test_comprehensive_sorting_qa" name="test_all_sorting_algorithms_finish_with_the_api_equivalent_of_python_sort[5,4,3,2,1-heapsort]" time="0.104" /><testcase classname="tests.test_comprehensive_sorting_qa" name="test_all_sorting_algorithms_finish_with_the_api_equivalent_of_python_sort[5,4,3,2,1-counting_sort]" time="0.079" /><testcase classname="tests.test_comprehensive_sorting_qa" name="test_all_sorting_algorithms_finish_with_the_api_equivalent_of_python_sort[5,4,3,2,1-binsort]" time="0.081" /><testcase classname="tests.test_comprehensive_sorting_qa" name="test_all_sorting_algorithms_finish_with_the_api_equivalent_of_python_sort[5,4,3,2,1-radixsort]" time="0.089" /><testcase classname="tests.test_comprehensive_sorting_qa" name="test_empty_array_is_rejected_consistently_before_selecting_any_sorting_algorithm[intercambio]" time="0.065" /><testcase classname="tests.test_comprehensive_sorting_qa" name="test_empty_array_is_rejected_consistently_before_selecting_any_sorting_algorithm[seleccion]" time="0.069" /><testcase classname="tests.test_comprehensive_sorting_qa" name="test_empty_array_is_rejected_consistently_before_selecting_any_sorting_algorithm[insercion]" time="0.061" /><testcase classname="tests.test_comprehensive_sorting_qa" name="test_empty_array_is_rejected_consistently_before_selecting_any_sorting_algorithm[burbuja]" time="0.066" /><testcase classname="tests.test_comprehensive_sorting_qa" name="test_empty_array_is_rejected_consistently_before_selecting_any_sorting_algorithm[shell]" time="0.062" /><testcase classname="tests.test_comprehensive_sorting_qa" name="test_empty_array_is_rejected_consistently_before_selecting_any_sorting_algorithm[quicksort]" time="0.063" /><testcase classname="tests.test_comprehensive_sorting_qa" name="test_empty_array_is_rejected_consistently_before_selecting_any_sorting_algorithm[mergesort]" time="0.069" /><testcase classname="tests.test_comprehensive_sorting_qa" name="test_empty_array_is_rejected_consistently_before_selecting_any_sorting_algorithm[heapsort]" time="0.063" /><testcase classname="tests.test_comprehensive_sorting_qa" name="test_empty_array_is_rejected_consistently_before_selecting_any_sorting_algorithm[counting_sort]" time="0.064" /><testcase classname="tests.test_comprehensive_sorting_qa" name="test_empty_array_is_rejected_consistently_before_selecting_any_sorting_algorithm[binsort]" time="0.065" /><testcase classname="tests.test_comprehensive_sorting_qa" name="test_empty_array_is_rejected_consistently_before_selecting_any_sorting_algorithm[radixsort]" time="0.061" /><testcase classname="tests.test_comprehensive_sorting_qa" name="test_sorting_fast_and_step_api_results_are_equivalent_for_each_algorithm[intercambio]" time="0.165" /><testcase classname="tests.test_comprehensive_sorting_qa" name="test_sorting_fast_and_step_api_results_are_equivalent_for_each_algorithm[seleccion]" time="0.180" /><testcase classname="tests.test_comprehensive_sorting_qa" name="test_sorting_fast_and_step_api_results_are_equivalent_for_each_algorithm[insercion]" time="0.147" /><testcase classname="tests.test_comprehensive_sorting_qa" name="test_sorting_fast_and_step_api_results_are_equivalent_for_each_algorithm[burbuja]" time="0.201" /><testcase classname="tests.test_comprehensive_sorting_qa" name="test_sorting_fast_and_step_api_results_are_equivalent_for_each_algorithm[shell]" time="0.158" /><testcase classname="tests.test_comprehensive_sorting_qa" name="test_sorting_fast_and_step_api_results_are_equivalent_for_each_algorithm[quicksort]" time="0.153" /><testcase classname="tests.test_comprehensive_sorting_qa" name="test_sorting_fast_and_step_api_results_are_equivalent_for_each_algorithm[mergesort]" time="0.149" /><testcase classname="tests.test_comprehensive_sorting_qa" name="test_sorting_fast_and_step_api_results_are_equivalent_for_each_algorithm[heapsort]" time="0.286" /><testcase classname="tests.test_comprehensive_sorting_qa" name="test_sorting_fast_and_step_api_results_are_equivalent_for_each_algorithm[counting_sort]" time="0.104" /><testcase classname="tests.test_comprehensive_sorting_qa" name="test_sorting_fast_and_step_api_results_are_equivalent_for_each_algorithm[binsort]" time="0.103" /><testcase classname="tests.test_comprehensive_sorting_qa" name="test_sorting_fast_and_step_api_results_are_equivalent_for_each_algorithm[radixsort]" time="0.094" /><testcase classname="tests.test_comprehensive_sorting_qa" name="test_every_sorting_endpoint_option_manual_random_step_state_compare_and_reset" time="0.231" /><testcase classname="tests.test_comprehensive_sorting_qa" name="test_sorting_invalid_options_are_controlled_client_errors[create-array-payload0]" time="0.052" /><testcase classname="tests.test_comprehensive_sorting_qa" name="test_sorting_invalid_options_are_controlled_client_errors[random-array-payload1]" time="0.053" /><testcase classname="tests.test_comprehensive_sorting_qa" name="test_sorting_invalid_options_are_controlled_client_errors[algorithm-payload2]" time="0.052" /><testcase classname="tests.test_comprehensive_sorting_qa" name="test_sorting_invalid_options_are_controlled_client_errors[run-payload3]" time="0.052" /><testcase classname="tests.test_comprehensive_sorting_qa" name="test_sorting_invalid_options_are_controlled_client_errors[step-payload4]" time="0.052" /><testcase classname="tests.test_comprehensive_sorting_qa" name="test_sorting_invalid_options_are_controlled_client_errors[compare-payload5]" time="0.053" /><testcase classname="tests.test_comprehensive_transversal_qa" name="test_public_module_entries_and_health_contract[/-Visualizador Web de Estructuras de Datos]" time="0.056" /><testcase classname="tests.test_comprehensive_transversal_qa" name="test_public_module_entries_and_health_contract[/healthz-&quot;status&quot;:&quot;ok&quot;]" time="0.044" /><testcase classname="tests.test_comprehensive_transversal_qa" name="test_public_module_entries_and_health_contract[/sequential/-Estructuras Secuenciales]" time="0.054" /><testcase classname="tests.test_comprehensive_transversal_qa" name="test_public_module_entries_and_health_contract[/hierarchical/-Estructuras Jerarquicas]" time="0.057" /><testcase classname="tests.test_comprehensive_transversal_qa" name="test_public_module_entries_and_health_contract[/graph/-Grafos]" time="0.058" /><testcase classname="tests.test_comprehensive_transversal_qa" name="test_public_module_entries_and_health_contract[/hash/-Hash]" time="0.056" /><testcase classname="tests.test_comprehensive_transversal_qa" name="test_public_module_entries_and_health_contract[/sorting/-Ordenamiento]" time="0.077" /><testcase classname="tests.test_comprehensive_transversal_qa" name="test_public_module_entries_and_health_contract[/help/manual-Manual de uso]" time="0.056" /><testcase classname="tests.test_comprehensive_transversal_qa" name="test_unknown_public_structures_return_not_found[/sequential/unknown]" time="0.044" /><testcase classname="tests.test_comprehensive_transversal_qa" name="test_unknown_public_structures_return_not_found[/hierarchical/unknown]" time="0.045" /><testcase classname="tests.test_comprehensive_transversal_qa" name="test_unknown_public_structures_return_not_found[/graph/unknown]" time="0.043" /><testcase classname="tests.test_comprehensive_transversal_qa" name="test_unknown_public_structures_return_not_found[/hash/unknown]" time="0.042" /><testcase classname="tests.test_comprehensive_transversal_qa" name="test_unknown_structure_help_routes_must_return_not_found[/help/sequential/unknown]" time="0.058"><skipped type="pytest.xfail" message="QA-ROUTE-HELP-UNKNOWN: las rutas de ayuda aceptan estructuras inexistentes en vez de responder 404." /></testcase><testcase classname="tests.test_comprehensive_transversal_qa" name="test_unknown_structure_help_routes_must_return_not_found[/help/hierarchical/unknown]" time="0.060"><skipped type="pytest.xfail" message="QA-ROUTE-HELP-UNKNOWN: las rutas de ayuda aceptan estructuras inexistentes en vez de responder 404." /></testcase><testcase classname="tests.test_comprehensive_transversal_qa" name="test_unknown_structure_help_routes_must_return_not_found[/help/graph/unknown]" time="0.059"><skipped type="pytest.xfail" message="QA-ROUTE-HELP-UNKNOWN: las rutas de ayuda aceptan estructuras inexistentes en vez de responder 404." /></testcase><testcase classname="tests.test_comprehensive_transversal_qa" name="test_unknown_structure_help_routes_must_return_not_found[/help/hash/unknown]" time="0.061"><skipped type="pytest.xfail" message="QA-ROUTE-HELP-UNKNOWN: las rutas de ayuda aceptan estructuras inexistentes en vez de responder 404." /></testcase><testcase classname="tests.test_comprehensive_transversal_qa" name="test_common_operation_endpoints_reject_malformed_requests[/sequential/stack/operate]" time="0.043" /><testcase classname="tests.test_comprehensive_transversal_qa" name="test_common_operation_endpoints_reject_malformed_requests[/hierarchical/abb/operate]" time="0.042" /><testcase classname="tests.test_comprehensive_transversal_qa" name="test_common_operation_endpoints_reject_malformed_requests[/graph/graph/operate]" time="0.044" /><testcase classname="tests.test_comprehensive_transversal_qa" name="test_common_operation_endpoints_reject_malformed_requests[/hash/hash_table/operate]" time="0.042" /><testcase classname="tests.test_comprehensive_transversal_qa" name="test_history_is_isolated_by_module_and_reset_only_clears_its_own_state" time="0.081" /><testcase classname="tests.test_comprehensive_transversal_qa" name="test_trace_console_history_and_c_source_are_returned_for_a_successful_operation" time="0.059" /><testcase classname="tests.test_conformance_runner" name="test_runner_compares_equivalent_stack_scenario" time="0.857" /><testcase classname="tests.test_conformance_runner" name="test_runner_compares_equivalent_queue_scenario" time="0.824" /><testcase classname="tests.test_conformance_runner" name="test_runner_rejects_unregistered_or_arbitrary_operations" time="0.010" /><testcase classname="tests.test_conformance_runner" name="test_runner_compares_remaining_sequential_scenarios[linked_list-operations0]" time="0.815" /><testcase classname="tests.test_conformance_runner" name="test_runner_compares_remaining_sequential_scenarios[circular_list-operations1]" time="0.823" /><testcase classname="tests.test_conformance_runner" name="test_runner_compares_remaining_sequential_scenarios[priority_queue-operations2]" time="0.894" /><testcase classname="tests.test_conformance_runner" name="test_runner_compares_remaining_sequential_scenarios[sublist-operations3]" time="0.914" /><testcase classname="tests.test_conformance_runner" name="test_runner_compares_heap_and_tree_scenarios[binary_heap-operations0]" time="0.854" /><testcase classname="tests.test_conformance_runner" name="test_runner_compares_heap_and_tree_scenarios[abb-operations1]" time="1.677" /><testcase classname="tests.test_conformance_runner" name="test_runner_compares_heap_and_tree_scenarios[avl-operations2]" time="0.861" /><testcase classname="tests.test_conformance_runner" name="test_runner_compares_heap_and_tree_scenarios[red_black-operations3]" time="1.705" /><testcase classname="tests.test_conformance_runner" name="test_runner_compares_specialized_scenarios[graph-operations0]" time="1.194" /><testcase classname="tests.test_conformance_runner" name="test_runner_compares_specialized_scenarios[hash_table-operations1]" time="0.864" /><testcase classname="tests.test_conformance_runner" name="test_runner_compares_specialized_scenarios[sorting-operations2]" time="0.860" /><testcase classname="tests.test_conformance_scenarios" name="test_catalog_covers_all_registered_tads_and_categories" time="0.001" /><testcase classname="tests.test_conformance_scenarios" name="test_deterministic_success_case_is_equivalent[abb]" time="1.492" /><testcase classname="tests.test_conformance_scenarios" name="test_deterministic_success_case_is_equivalent[avl]" time="0.883" /><testcase classname="tests.test_conformance_scenarios" name="test_deterministic_success_case_is_equivalent[binary_heap]" time="0.871" /><testcase classname="tests.test_conformance_scenarios" name="test_deterministic_success_case_is_equivalent[circular_list]" time="0.860" /><testcase classname="tests.test_conformance_scenarios" name="test_deterministic_success_case_is_equivalent[graph]" time="1.055" /><testcase classname="tests.test_conformance_scenarios" name="test_deterministic_success_case_is_equivalent[hash_table]" time="1.367" /><testcase classname="tests.test_conformance_scenarios" name="test_deterministic_success_case_is_equivalent[linked_list]" time="0.850" /><testcase classname="tests.test_conformance_scenarios" name="test_deterministic_success_case_is_equivalent[priority_queue]" time="0.864" /><testcase classname="tests.test_conformance_scenarios" name="test_deterministic_success_case_is_equivalent[queue]" time="0.845" /><testcase classname="tests.test_conformance_scenarios" name="test_deterministic_success_case_is_equivalent[red_black]" time="1.574" /><testcase classname="tests.test_conformance_scenarios" name="test_deterministic_success_case_is_equivalent[sorting]" time="0.828" /><testcase classname="tests.test_conformance_scenarios" name="test_deterministic_success_case_is_equivalent[stack]" time="0.816" /><testcase classname="tests.test_conformance_scenarios" name="test_deterministic_success_case_is_equivalent[sublist]" time="0.844" /><testcase classname="tests.test_conformance_scenarios" name="test_valid_boundary_case_is_equivalent[abb]" time="1.523" /><testcase classname="tests.test_conformance_scenarios" name="test_valid_boundary_case_is_equivalent[avl]" time="0.889" /><testcase classname="tests.test_conformance_scenarios" name="test_valid_boundary_case_is_equivalent[binary_heap]" time="0.846" /><testcase classname="tests.test_conformance_scenarios" name="test_valid_boundary_case_is_equivalent[circular_list]" time="0.855" /><testcase classname="tests.test_conformance_scenarios" name="test_valid_boundary_case_is_equivalent[graph]" time="1.067" /><testcase classname="tests.test_conformance_scenarios" name="test_valid_boundary_case_is_equivalent[hash_table]" time="0.861" /><testcase classname="tests.test_conformance_scenarios" name="test_valid_boundary_case_is_equivalent[linked_list]" time="0.939" /><testcase classname="tests.test_conformance_scenarios" name="test_valid_boundary_case_is_equivalent[priority_queue]" time="0.832" /><testcase classname="tests.test_conformance_scenarios" name="test_valid_boundary_case_is_equivalent[queue]" time="1.066" /><testcase classname="tests.test_conformance_scenarios" name="test_valid_boundary_case_is_equivalent[red_black]" time="1.570" /><testcase classname="tests.test_conformance_scenarios" name="test_valid_boundary_case_is_equivalent[sorting]" time="0.877" /><testcase classname="tests.test_conformance_scenarios" name="test_valid_boundary_case_is_equivalent[stack]" time="0.859" /><testcase classname="tests.test_conformance_scenarios" name="test_valid_boundary_case_is_equivalent[sublist]" time="0.808" /><testcase classname="tests.test_conformance_scenarios" name="test_deterministic_error_is_rejected_by_c_and_python[abb]" time="1.588" /><testcase classname="tests.test_conformance_scenarios" name="test_deterministic_error_is_rejected_by_c_and_python[avl]" time="0.819" /><testcase classname="tests.test_conformance_scenarios" name="test_deterministic_error_is_rejected_by_c_and_python[binary_heap]" time="0.844" /><testcase classname="tests.test_conformance_scenarios" name="test_deterministic_error_is_rejected_by_c_and_python[circular_list]" time="0.843" /><testcase classname="tests.test_conformance_scenarios" name="test_deterministic_error_is_rejected_by_c_and_python[graph]" time="1.035" /><testcase classname="tests.test_conformance_scenarios" name="test_deterministic_error_is_rejected_by_c_and_python[hash_table]" time="0.835" /><testcase classname="tests.test_conformance_scenarios" name="test_deterministic_error_is_rejected_by_c_and_python[linked_list]" time="0.832" /><testcase classname="tests.test_conformance_scenarios" name="test_deterministic_error_is_rejected_by_c_and_python[priority_queue]" time="0.826" /><testcase classname="tests.test_conformance_scenarios" name="test_deterministic_error_is_rejected_by_c_and_python[queue]" time="0.802" /><testcase classname="tests.test_conformance_scenarios" name="test_deterministic_error_is_rejected_by_c_and_python[red_black]" time="1.554" /><testcase classname="tests.test_conformance_scenarios" name="test_deterministic_error_is_rejected_by_c_and_python[sorting]" time="0.843" /><testcase classname="tests.test_conformance_scenarios" name="test_deterministic_error_is_rejected_by_c_and_python[stack]" time="0.796" /><testcase classname="tests.test_conformance_scenarios" name="test_deterministic_error_is_rejected_by_c_and_python[sublist]" time="0.830" /><testcase classname="tests.test_coverage_gates" name="test_coverage_gates_accept_exact_thresholds_and_windows_paths" time="0.001" /><testcase classname="tests.test_coverage_gates" name="test_coverage_gates_reject_global_regression" time="0.001" /><testcase classname="tests.test_coverage_gates" name="test_coverage_gates_reject_critical_component_regression" time="0.001" /><testcase classname="tests.test_coverage_gates" name="test_coverage_gates_reject_missing_component_and_malformed_report" time="0.001" /><testcase classname="tests.test_didactic_generated_audit" name="test_ddmin_reduces_to_minimal_failing_operation" time="0.001" /><testcase classname="tests.test_didactic_generated_audit" name="test_generated_audit_smoke_covers_every_family" time="0.155" /><testcase classname="tests.test_didactic_generated_audit" name="test_published_generated_audit_contains_one_thousand_sequences_per_family" time="0.001" /><testcase classname="tests.test_didactic_generated_audit" name="test_every_published_finding_has_a_named_characterization_test" time="0.004" /><testcase classname="tests.test_didactic_qa_findings" name="test_hash_001_backend_keeps_c_fixed_capacity" time="0.001" /><testcase classname="tests.test_didactic_qa_findings" name="test_hash_002_integer_bucket_mapping_matches_c_modulo" time="0.001" /><testcase classname="tests.test_didactic_qa_findings" name="test_heap_001_reproduces_omitted_sift_up_states" time="0.001" /><testcase classname="tests.test_didactic_qa_findings" name="test_stack_001_top_snippet_is_real_c_function" time="0.002" /><testcase classname="tests.test_didactic_qa_findings" name="test_stack_002_reproduces_missing_temporary_node" time="0.050" /><testcase classname="tests.test_didactic_qa_findings" name="test_queue_001_query_snippets_are_real_c_functions" time="0.002" /><testcase classname="tests.test_didactic_qa_findings" name="test_priority_001_visual_and_internal_keep_arrival_order" time="0.001" /><testcase classname="tests.test_didactic_qa_findings" name="test_priority_002_front_uses_same_stable_selection_as_dequeue" time="0.002" /><testcase classname="tests.test_didactic_qa_findings" name="test_linked_001_operations_have_c_implementations_and_mappings" time="0.005" /><testcase classname="tests.test_didactic_qa_findings" name="test_circular_001_detects_missing_single_node_self_loop" time="0.002" /><testcase classname="tests.test_didactic_qa_findings" name="test_sublist_001_reproduces_duplicate_parent_collapse" time="0.001" /><testcase classname="tests.test_didactic_qa_findings" name="test_sublist_002_detects_clear_without_c_destroy" time="0.001" /><testcase classname="tests.test_didactic_qa_findings" name="test_abb_001_reproduces_missing_successor_copy_state" time="0.001" /><testcase classname="tests.test_didactic_qa_findings" name="test_avl_001_reproduces_missing_first_half_of_double_rotation" time="0.001" /><testcase classname="tests.test_didactic_qa_findings" name="test_rbt_001_reproduces_fixup_recolors_at_call_site" time="0.135" /><testcase classname="tests.test_didactic_qa_findings" name="test_rbt_002_delete_trace_follows_real_branch_and_delays_final_state" time="0.457" /><testcase classname="tests.test_didactic_qa_findings" name="test_graph_001_c_and_python_share_auto_create_and_update_contract" time="0.001" /><testcase classname="tests.test_didactic_qa_findings" name="test_graph_002_rejects_fractional_weight_without_mutation" time="0.001" /><testcase classname="tests.test_didactic_qa_findings" name="test_graph_003_c_and_backend_return_direct_visit_order" time="0.001" /><testcase classname="tests.test_didactic_qa_findings" name="test_graph_004_c_and_backend_reject_negative_dijkstra_graph" time="0.001" /><testcase classname="tests.test_didactic_qa_findings" name="test_graph_005_reproduces_missing_shortest_path_temporary_tables" time="0.259" /><testcase classname="tests.test_didactic_qa_findings" name="test_graph_006_reports_minimum_spanning_forest_and_connectivity" time="0.004" /><testcase classname="tests.test_didactic_qa_findings" name="test_sort_001_reproduces_unshown_quicksort_failed_comparisons" time="0.004" /><testcase classname="tests.test_didactic_qa_findings" name="test_sort_002_reproduces_missing_source_mapping_for_merge_and_binsort" time="0.040" /><testcase classname="tests.test_didactic_qa_findings" name="test_sort_003_radix_int_min_uses_defined_unsigned_magnitude" time="0.001" /><testcase classname="tests.test_didactic_qa_findings" name="test_sort_004_rejects_unbounded_counting_range_before_allocation" time="0.001" /><testcase classname="tests.test_didactic_qa_findings" name="test_all_sorting_algorithms_preserve_multiset_and_match_both_modes" time="0.589" /><testcase classname="tests.test_didactic_qa_findings" name="test_trace_001_detects_printf_reconstruction_from_source_and_message" time="0.003" /><testcase classname="tests.test_didactic_qa_findings" name="test_trace_002_validator_accepts_discontinuous_frames" time="0.001" /><testcase classname="tests.test_didactic_qa_findings" name="test_trace_003_validator_accepts_source_line_mismatch" time="0.001" /><testcase classname="tests.test_didactic_qa_findings" name="test_trace_player_exposes_reversible_control_contract" time="0.001" /><testcase classname="tests.test_didactic_qa_inventory" name="test_inventory_discovers_all_supported_structures_and_sorting_algorithms" time="1.273" /><testcase classname="tests.test_didactic_qa_inventory" name="test_every_structure_has_c_source_strategy_renderer_and_endpoints" time="1.263" /><testcase classname="tests.test_didactic_qa_inventory" name="test_all_sorting_algorithms_have_c_mapping" time="1.261" /><testcase classname="tests.test_didactic_qa_inventory" name="test_inventory_classifies_mapping_and_didactic_source_gaps" time="1.247" /><testcase classname="tests.test_didactic_qa_inventory" name="test_qa_result_protocol_v1_requires_all_report_fields" time="0.001" /><testcase classname="tests.test_didactic_qa_report" name="test_final_report_covers_every_inventory_operation_and_finding" time="0.002" /><testcase classname="tests.test_didactic_qa_report" name="test_every_finding_is_reproducible_prioritized_and_characterized" time="0.002" /><testcase classname="tests.test_didactic_qa_report" name="test_published_minimal_fixture_matches_findings_and_no_product_fix_is_claimed" time="0.002" /><testcase classname="tests.test_environment_configuration" name="test_default_environment_and_server_address_are_explicit" time="0.001" /><testcase classname="tests.test_environment_configuration" name="test_supported_application_environments[development]" time="0.001" /><testcase classname="tests.test_environment_configuration" name="test_supported_application_environments[testing]" time="0.001" /><testcase classname="tests.test_environment_configuration" name="test_supported_application_environments[production]" time="0.001" /><testcase classname="tests.test_environment_configuration" name="test_common_configuration_rejects_invalid_values[override0-APP_ENV]" time="0.001" /><testcase classname="tests.test_environment_configuration" name="test_common_configuration_rejects_invalid_values[override1-FLASK_HOST]" time="0.001" /><testcase classname="tests.test_environment_configuration" name="test_common_configuration_rejects_invalid_values[override2-FLASK_PORT]" time="0.001" /><testcase classname="tests.test_environment_configuration" name="test_common_configuration_rejects_invalid_values[override3-FLASK_PORT]" time="0.001" /><testcase classname="tests.test_environment_configuration" name="test_common_configuration_rejects_invalid_values[override4-SESSION_TYPE]" time="0.001" /><testcase classname="tests.test_environment_configuration" name="test_common_configuration_rejects_invalid_values[override5-ENABLE_PROXY_FIX]" time="0.001" /><testcase classname="tests.test_environment_configuration" name="test_common_configuration_rejects_invalid_values[override6-TRUSTED_PROXY_COUNT]" time="0.001" /><testcase classname="tests.test_environment_configuration" name="test_common_configuration_rejects_invalid_values[override7-SESSION_COOKIE_SAMESITE]" time="0.001" /><testcase classname="tests.test_environment_configuration" name="test_common_configuration_rejects_invalid_values[override8-SESSION_COOKIE_SECURE]" time="0.001" /><testcase classname="tests.test_environment_configuration" name="test_common_configuration_rejects_invalid_values[override9-ALLOW_INSECURE_COOKIES_IN_PRODUCTION]" time="0.001" /><testcase classname="tests.test_environment_configuration" name="test_common_configuration_rejects_invalid_values[override10-SESSION_LIFETIME_MINUTES]" time="0.001" /><testcase classname="tests.test_environment_configuration" name="test_common_configuration_rejects_invalid_values[override11-SESSION_MAX_HISTORY]" time="0.001" /><testcase classname="tests.test_environment_configuration" name="test_production_rejects_debug_and_testing_modes[DEBUG]" time="0.001" /><testcase classname="tests.test_environment_configuration" name="test_production_rejects_debug_and_testing_modes[TESTING]" time="0.001" /><testcase classname="tests.test_environment_configuration" name="test_application_factory_registers_validated_environment" time="0.042" /><testcase classname="tests.test_environment_configuration" name="test_production_rejects_missing_or_development_secret[None]" time="0.001" /><testcase classname="tests.test_environment_configuration" name="test_production_rejects_missing_or_development_secret[]" time="0.001" /><testcase classname="tests.test_environment_configuration" name="test_production_rejects_missing_or_development_secret[dev-secret-key-change-me]" time="0.001" /><testcase classname="tests.test_environment_configuration" name="test_production_rejects_insecure_cookie_without_explicit_override" time="0.001" /><testcase classname="tests.test_environment_configuration" name="test_production_allows_documented_insecure_cookie_override" time="0.001" /><testcase classname="tests.test_environment_configuration" name="test_development_default_logs_warning_without_secret_value" time="0.042" /><testcase classname="tests.test_environment_configuration" name="test_proxy_fix_requires_explicit_positive_trust_count" time="0.001" /><testcase classname="tests.test_environment_configuration" name="test_proxy_fix_uses_exact_configured_hop_count" time="0.043" /><testcase classname="tests.test_execution_trace_contract" name="test_sequential_operation_includes_execution_trace" time="0.051" /><testcase classname="tests.test_execution_trace_contract" name="test_hierarchical_operation_includes_execution_trace" time="0.068" /><testcase classname="tests.test_execution_trace_contract" name="test_graph_operation_includes_execution_trace" time="0.067" /><testcase classname="tests.test_execution_trace_contract" name="test_hash_operation_includes_execution_trace" time="0.091" /><testcase classname="tests.test_execution_trace_contract" name="test_avl_trace_includes_rebalance_debug_metadata" time="0.144" /><testcase classname="tests.test_execution_trace_contract" name="test_graph_algorithm_trace_includes_semantic_debug_steps" time="0.308" /><testcase classname="tests.test_execution_trace_contract" name="test_graph_dfs_trace_includes_recursive_subroutine_source_and_calls" time="0.400" /><testcase classname="tests.test_execution_trace_contract" name="test_stack_stepwise_change_happens_on_mutation_line" time="0.050" /><testcase classname="tests.test_execution_trace_contract" name="test_stack_success_trace_skips_defensive_return_false_lines" time="0.062" /><testcase classname="tests.test_execution_trace_contract" name="test_linked_list_trace_stops_after_return_in_insertar_elemento" time="0.070" /><testcase classname="tests.test_execution_trace_contract" name="test_control_flow_filter_keeps_only_taken_error_branch" time="0.001" /><testcase classname="tests.test_execution_trace_contract" name="test_dijkstra_trace_includes_fine_grained_debug_stages" time="0.403" /><testcase classname="tests.test_execution_trace_contract" name="test_bellman_ford_negative_cycle_trace_includes_detection_stage" time="0.425" /><testcase classname="tests.test_execution_trace_golden" name="test_sequential_trace_golden" time="0.007" /><testcase classname="tests.test_execution_trace_golden" name="test_tree_trace_golden" time="0.081" /><testcase classname="tests.test_execution_trace_golden" name="test_graph_trace_golden" time="0.096" /><testcase classname="tests.test_execution_trace_golden" name="test_hash_trace_golden" time="0.048" /><testcase classname="tests.test_execution_trace_golden" name="test_sorting_trace_golden" time="0.036" /><testcase classname="tests.test_generated_conformance" name="test_generation_is_reproducible[abb]" time="0.001" /><testcase classname="tests.test_generated_conformance" name="test_generation_is_reproducible[avl]" time="0.001" /><testcase classname="tests.test_generated_conformance" name="test_generation_is_reproducible[binary_heap]" time="0.001" /><testcase classname="tests.test_generated_conformance" name="test_generation_is_reproducible[circular_list]" time="0.001" /><testcase classname="tests.test_generated_conformance" name="test_generation_is_reproducible[graph]" time="0.001" /><testcase classname="tests.test_generated_conformance" name="test_generation_is_reproducible[hash_table]" time="0.001" /><testcase classname="tests.test_generated_conformance" name="test_generation_is_reproducible[linked_list]" time="0.001" /><testcase classname="tests.test_generated_conformance" name="test_generation_is_reproducible[priority_queue]" time="0.001" /><testcase classname="tests.test_generated_conformance" name="test_generation_is_reproducible[queue]" time="0.001" /><testcase classname="tests.test_generated_conformance" name="test_generation_is_reproducible[red_black]" time="0.001" /><testcase classname="tests.test_generated_conformance" name="test_generation_is_reproducible[sorting]" time="0.001" /><testcase classname="tests.test_generated_conformance" name="test_generation_is_reproducible[stack]" time="0.001" /><testcase classname="tests.test_generated_conformance" name="test_generation_is_reproducible[sublist]" time="0.001" /><testcase classname="tests.test_generated_conformance" name="test_generated_scenario_is_equivalent[abb]" time="1.708" /><testcase classname="tests.test_generated_conformance" name="test_generated_scenario_is_equivalent[avl]" time="0.843" /><testcase classname="tests.test_generated_conformance" name="test_generated_scenario_is_equivalent[binary_heap]" time="0.811" /><testcase classname="tests.test_generated_conformance" name="test_generated_scenario_is_equivalent[circular_list]" time="0.814" /><testcase classname="tests.test_generated_conformance" name="test_generated_scenario_is_equivalent[graph]" time="1.046" /><testcase classname="tests.test_generated_conformance" name="test_generated_scenario_is_equivalent[hash_table]" time="0.909" /><testcase classname="tests.test_generated_conformance" name="test_generated_scenario_is_equivalent[linked_list]" time="0.932" /><testcase classname="tests.test_generated_conformance" name="test_generated_scenario_is_equivalent[priority_queue]" time="0.824" /><testcase classname="tests.test_generated_conformance" name="test_generated_scenario_is_equivalent[queue]" time="0.798" /><testcase classname="tests.test_generated_conformance" name="test_generated_scenario_is_equivalent[red_black]" time="1.556" /><testcase classname="tests.test_generated_conformance" name="test_generated_scenario_is_equivalent[sorting]" time="0.857" /><testcase classname="tests.test_generated_conformance" name="test_generated_scenario_is_equivalent[stack]" time="0.904" /><testcase classname="tests.test_generated_conformance" name="test_generated_scenario_is_equivalent[sublist]" time="0.902" /><testcase classname="tests.test_generated_conformance" name="test_reducer_returns_one_minimal_reproduction" time="0.001" /><testcase classname="tests.test_graph_adapters" name="test_create_directed_and_undirected_graph" time="0.001" /><testcase classname="tests.test_graph_adapters" name="test_insert_and_remove_vertex" time="0.001" /><testcase classname="tests.test_graph_adapters" name="test_generate_random_graph_by_vertices_count" time="0.001" /><testcase classname="tests.test_graph_adapters" name="test_insert_and_remove_edge" time="0.001" /><testcase classname="tests.test_graph_adapters" name="test_queries_vertices_edges_neighbors_and_weight" time="0.001" /><testcase classname="tests.test_graph_adapters" name="test_bfs_and_dfs_execution" time="0.001" /><testcase classname="tests.test_graph_adapters" name="test_dijkstra_and_negative_weight_block" time="0.001" /><testcase classname="tests.test_graph_adapters" name="test_bellman_ford_execution" time="0.001" /><testcase classname="tests.test_graph_adapters" name="test_bellman_ford_undirected_uses_both_edge_directions" time="0.001" /><testcase classname="tests.test_graph_adapters" name="test_prim_and_kruskal_constraints_and_union_find_flag" time="0.001" /><testcase classname="tests.test_graph_adapters" name="test_graph_rejects_non_integer_vertex" time="0.001" /><testcase classname="tests.test_graph_adapters" name="test_to_visual_state_contract" time="0.001" /><testcase classname="tests.test_graph_domain_coverage_extended" name="test_graph_crud_linked_views_marks_and_replacement" time="0.001" /><testcase classname="tests.test_graph_domain_coverage_extended" name="test_graph_traversals_and_shortest_paths_cover_invalid_and_disconnected_cases" time="0.001" /><testcase classname="tests.test_graph_domain_coverage_extended" name="test_graph_mst_and_disjoint_sets_cover_cycles_and_disconnected_vertices" time="0.001" /><testcase classname="tests.t
[...]
ions[values4-radixsort]" time="0.016" /><testcase classname="tests.test_sorting_module_detailed_qa" name="test_every_algorithm_orders_representative_partitions[values5-intercambio]" time="0.011" /><testcase classname="tests.test_sorting_module_detailed_qa" name="test_every_algorithm_orders_representative_partitions[values5-seleccion]" time="0.010" /><testcase classname="tests.test_sorting_module_detailed_qa" name="test_every_algorithm_orders_representative_partitions[values5-insercion]" time="0.010" /><testcase classname="tests.test_sorting_module_detailed_qa" name="test_every_algorithm_orders_representative_partitions[values5-burbuja]" time="0.010" /><testcase classname="tests.test_sorting_module_detailed_qa" name="test_every_algorithm_orders_representative_partitions[values5-shell]" time="0.010" /><testcase classname="tests.test_sorting_module_detailed_qa" name="test_every_algorithm_orders_representative_partitions[values5-quicksort]" time="0.011" /><testcase classname="tests.test_sorting_module_detailed_qa" name="test_every_algorithm_orders_representative_partitions[values5-mergesort]" time="0.010" /><testcase classname="tests.test_sorting_module_detailed_qa" name="test_every_algorithm_orders_representative_partitions[values5-heapsort]" time="0.011" /><testcase classname="tests.test_sorting_module_detailed_qa" name="test_every_algorithm_orders_representative_partitions[values5-counting_sort]" time="0.013" /><testcase classname="tests.test_sorting_module_detailed_qa" name="test_every_algorithm_orders_representative_partitions[values5-binsort]" time="0.014" /><testcase classname="tests.test_sorting_module_detailed_qa" name="test_every_algorithm_orders_representative_partitions[values5-radixsort]" time="0.013" /><testcase classname="tests.test_sorting_module_detailed_qa" name="test_fast_and_step_modes_are_equivalent[intercambio]" time="0.088" /><testcase classname="tests.test_sorting_module_detailed_qa" name="test_fast_and_step_modes_are_equivalent[seleccion]" time="0.075" /><testcase classname="tests.test_sorting_module_detailed_qa" name="test_fast_and_step_modes_are_equivalent[insercion]" time="0.061" /><testcase classname="tests.test_sorting_module_detailed_qa" name="test_fast_and_step_modes_are_equivalent[burbuja]" time="0.132" /><testcase classname="tests.test_sorting_module_detailed_qa" name="test_fast_and_step_modes_are_equivalent[shell]" time="0.062" /><testcase classname="tests.test_sorting_module_detailed_qa" name="test_fast_and_step_modes_are_equivalent[quicksort]" time="0.078" /><testcase classname="tests.test_sorting_module_detailed_qa" name="test_fast_and_step_modes_are_equivalent[mergesort]" time="0.045" /><testcase classname="tests.test_sorting_module_detailed_qa" name="test_fast_and_step_modes_are_equivalent[heapsort]" time="0.136" /><testcase classname="tests.test_sorting_module_detailed_qa" name="test_fast_and_step_modes_are_equivalent[counting_sort]" time="0.034" /><testcase classname="tests.test_sorting_module_detailed_qa" name="test_fast_and_step_modes_are_equivalent[binsort]" time="0.035" /><testcase classname="tests.test_sorting_module_detailed_qa" name="test_fast_and_step_modes_are_equivalent[radixsort]" time="0.022" /><testcase classname="tests.test_sorting_module_detailed_qa" name="test_every_didactic_step_maps_to_the_visible_c_source[intercambio]" time="0.032" /><testcase classname="tests.test_sorting_module_detailed_qa" name="test_every_didactic_step_maps_to_the_visible_c_source[seleccion]" time="0.032" /><testcase classname="tests.test_sorting_module_detailed_qa" name="test_every_didactic_step_maps_to_the_visible_c_source[insercion]" time="0.026" /><testcase classname="tests.test_sorting_module_detailed_qa" name="test_every_didactic_step_maps_to_the_visible_c_source[burbuja]" time="0.035" /><testcase classname="tests.test_sorting_module_detailed_qa" name="test_every_didactic_step_maps_to_the_visible_c_source[shell]" time="0.027" /><testcase classname="tests.test_sorting_module_detailed_qa" name="test_every_didactic_step_maps_to_the_visible_c_source[quicksort]" time="0.037" /><testcase classname="tests.test_sorting_module_detailed_qa" name="test_every_didactic_step_maps_to_the_visible_c_source[mergesort]" time="0.018" /><testcase classname="tests.test_sorting_module_detailed_qa" name="test_every_didactic_step_maps_to_the_visible_c_source[heapsort]" time="0.041" /><testcase classname="tests.test_sorting_module_detailed_qa" name="test_every_didactic_step_maps_to_the_visible_c_source[counting_sort]" time="0.017" /><testcase classname="tests.test_sorting_module_detailed_qa" name="test_every_didactic_step_maps_to_the_visible_c_source[binsort]" time="0.018" /><testcase classname="tests.test_sorting_module_detailed_qa" name="test_every_didactic_step_maps_to_the_visible_c_source[radixsort]" time="0.011" /><testcase classname="tests.test_sorting_module_detailed_qa" name="test_comparison_algorithms_accept_c_int_extremes[intercambio]" time="0.026" /><testcase classname="tests.test_sorting_module_detailed_qa" name="test_comparison_algorithms_accept_c_int_extremes[seleccion]" time="0.046" /><testcase classname="tests.test_sorting_module_detailed_qa" name="test_comparison_algorithms_accept_c_int_extremes[insercion]" time="0.019" /><testcase classname="tests.test_sorting_module_detailed_qa" name="test_comparison_algorithms_accept_c_int_extremes[burbuja]" time="0.025" /><testcase classname="tests.test_sorting_module_detailed_qa" name="test_comparison_algorithms_accept_c_int_extremes[shell]" time="0.024" /><testcase classname="tests.test_sorting_module_detailed_qa" name="test_comparison_algorithms_accept_c_int_extremes[quicksort]" time="0.028" /><testcase classname="tests.test_sorting_module_detailed_qa" name="test_comparison_algorithms_accept_c_int_extremes[mergesort]" time="0.018" /><testcase classname="tests.test_sorting_module_detailed_qa" name="test_comparison_algorithms_accept_c_int_extremes[heapsort]" time="0.041" /><testcase classname="tests.test_sorting_module_detailed_qa" name="test_comparison_algorithms_accept_c_int_extremes[radixsort]" time="0.019" /><testcase classname="tests.test_sorting_module_detailed_qa" name="test_counting_algorithms_reject_excessive_range_without_mutating_input[counting_sort]" time="0.001" /><testcase classname="tests.test_sorting_module_detailed_qa" name="test_counting_algorithms_reject_excessive_range_without_mutating_input[binsort]" time="0.001" /><testcase classname="tests.test_sorting_module_detailed_qa" name="test_values_outside_c_int_are_rejected_without_state_mutation[-2147483649]" time="0.001" /><testcase classname="tests.test_sorting_module_detailed_qa" name="test_values_outside_c_int_are_rejected_without_state_mutation[2147483648]" time="0.001" /><testcase classname="tests.test_sorting_module_detailed_qa" name="test_random_generation_is_reproducible_and_validates_c_int_bounds" time="0.001" /><testcase classname="tests.test_sorting_module_detailed_qa" name="test_random_array_without_explicit_seed_is_stable_when_history_is_replayed" time="0.327" /><testcase classname="tests.test_sorting_module_detailed_qa" name="test_visible_c_includes_validation_helper_for_every_algorithm[intercambio]" time="0.010" /><testcase classname="tests.test_sorting_module_detailed_qa" name="test_visible_c_includes_validation_helper_for_every_algorithm[seleccion]" time="0.008" /><testcase classname="tests.test_sorting_module_detailed_qa" name="test_visible_c_includes_validation_helper_for_every_algorithm[insercion]" time="0.008" /><testcase classname="tests.test_sorting_module_detailed_qa" name="test_visible_c_includes_validation_helper_for_every_algorithm[burbuja]" time="0.008" /><testcase classname="tests.test_sorting_module_detailed_qa" name="test_visible_c_includes_validation_helper_for_every_algorithm[shell]" time="0.008" /><testcase classname="tests.test_sorting_module_detailed_qa" name="test_visible_c_includes_validation_helper_for_every_algorithm[quicksort]" time="0.008" /><testcase classname="tests.test_sorting_module_detailed_qa" name="test_visible_c_includes_validation_helper_for_every_algorithm[mergesort]" time="0.008" /><testcase classname="tests.test_sorting_module_detailed_qa" name="test_visible_c_includes_validation_helper_for_every_algorithm[heapsort]" time="0.008" /><testcase classname="tests.test_sorting_module_detailed_qa" name="test_visible_c_includes_validation_helper_for_every_algorithm[counting_sort]" time="0.008" /><testcase classname="tests.test_sorting_module_detailed_qa" name="test_visible_c_includes_validation_helper_for_every_algorithm[binsort]" time="0.008" /><testcase classname="tests.test_sorting_module_detailed_qa" name="test_visible_c_includes_validation_helper_for_every_algorithm[radixsort]" time="0.008" /><testcase classname="tests.test_sorting_module_detailed_qa" name="test_visible_c_includes_swap_helper_when_it_is_executed[intercambio]" time="0.008" /><testcase classname="tests.test_sorting_module_detailed_qa" name="test_visible_c_includes_swap_helper_when_it_is_executed[seleccion]" time="0.008" /><testcase classname="tests.test_sorting_module_detailed_qa" name="test_visible_c_includes_swap_helper_when_it_is_executed[burbuja]" time="0.008" /><testcase classname="tests.test_sorting_module_detailed_qa" name="test_visible_c_includes_swap_helper_when_it_is_executed[quicksort]" time="0.008" /><testcase classname="tests.test_sorting_module_detailed_qa" name="test_visible_c_includes_swap_helper_when_it_is_executed[heapsort]" time="0.008" /><testcase classname="tests.test_sorting_module_detailed_qa" name="test_trace_enters_validation_and_swap_helpers_with_real_transient_state" time="0.012" /><testcase classname="tests.test_sorting_module_detailed_qa" name="test_prev_alias_returns_the_previous_frame" time="0.017" /><testcase classname="tests.test_sorting_module_detailed_qa" name="test_run_algorithm_override_uses_matching_c_source" time="0.101" /><testcase classname="tests.test_sorting_module_detailed_qa" name="test_api_rejects_out_of_range_value_and_preserves_previous_array" time="0.061" /><testcase classname="tests.test_sorting_module_detailed_qa" name="test_api_rejects_malformed_manual_arrays_without_mutation[1,,2]" time="0.062" /><testcase classname="tests.test_sorting_module_detailed_qa" name="test_api_rejects_malformed_manual_arrays_without_mutation[,1,2]" time="0.073" /><testcase classname="tests.test_sorting_module_detailed_qa" name="test_api_rejects_malformed_manual_arrays_without_mutation[1,2,]" time="0.081" /><testcase classname="tests.test_sorting_module_detailed_qa" name="test_api_rejects_malformed_manual_arrays_without_mutation[1,dos,3]" time="0.068" /><testcase classname="tests.test_sorting_module_detailed_qa" name="test_complete_api_option_flow_random_step_state_and_reset" time="0.158" /><testcase classname="tests.test_sorting_module_detailed_qa" name="test_sorting_console_does_not_fabricate_printf_from_debug_notes" time="0.001" /><testcase classname="tests.test_sorting_pedagogy_contract" name="test_learning_catalog_covers_all_eleven_algorithms" time="0.001" /><testcase classname="tests.test_sorting_pedagogy_contract" name="test_published_schema_is_versioned" time="0.001" /><testcase classname="tests.test_sorting_pedagogy_contract" name="test_golden_pedagogical_events_satisfy_contract" time="0.001" /><testcase classname="tests.test_sorting_pedagogy_contract" name="test_validator_rejects_incomplete_frame_and_wrong_c_line" time="0.001" /><testcase classname="tests.test_sorting_pedagogy_contract" name="test_condition_stack_pointer_and_loop_semantics_are_explicit" time="0.005" /><testcase classname="tests.test_sorting_pedagogy_contract" name="test_every_frame_is_self_contained_for_exact_reverse_navigation" time="0.011" /><testcase classname="tests.test_sorting_pedagogy_contract" name="test_adapter_exposes_complete_pedagogy_on_every_frame[intercambio]" time="0.009" /><testcase classname="tests.test_sorting_pedagogy_contract" name="test_adapter_exposes_complete_pedagogy_on_every_frame[seleccion]" time="0.011" /><testcase classname="tests.test_sorting_pedagogy_contract" name="test_adapter_exposes_complete_pedagogy_on_every_frame[insercion]" time="0.007" /><testcase classname="tests.test_sorting_pedagogy_contract" name="test_adapter_exposes_complete_pedagogy_on_every_frame[burbuja]" time="0.010" /><testcase classname="tests.test_sorting_pedagogy_contract" name="test_adapter_exposes_complete_pedagogy_on_every_frame[shell]" time="0.007" /><testcase classname="tests.test_sorting_pedagogy_contract" name="test_adapter_exposes_complete_pedagogy_on_every_frame[quicksort]" time="0.011" /><testcase classname="tests.test_sorting_pedagogy_contract" name="test_adapter_exposes_complete_pedagogy_on_every_frame[mergesort]" time="0.006" /><testcase classname="tests.test_sorting_pedagogy_contract" name="test_adapter_exposes_complete_pedagogy_on_every_frame[heapsort]" time="0.009" /><testcase classname="tests.test_sorting_pedagogy_contract" name="test_adapter_exposes_complete_pedagogy_on_every_frame[counting_sort]" time="0.006" /><testcase classname="tests.test_sorting_pedagogy_contract" name="test_adapter_exposes_complete_pedagogy_on_every_frame[binsort]" time="0.006" /><testcase classname="tests.test_sorting_pedagogy_contract" name="test_adapter_exposes_complete_pedagogy_on_every_frame[radixsort]" time="0.003" /><testcase classname="tests.test_sorting_routes" name="test_sorting_module_page_loads" time="0.055" /><testcase classname="tests.test_sorting_routes" name="test_sorting_visualizer_page_loads" time="0.067" /><testcase classname="tests.test_sorting_routes" name="test_sorting_visualizer_exposes_five_learning_regions_and_responsive_tools" time="0.069" /><testcase classname="tests.test_sorting_routes" name="test_sorting_create_random_select_run_flow" time="0.171" /><testcase classname="tests.test_sorting_routes" name="test_sorting_invalid_algorithm_is_blocked" time="0.064" /><testcase classname="tests.test_sorting_routes" name="test_sorting_compare_uses_two_isolated_copies_of_one_input" time="0.083" /><testcase classname="tests.test_sorting_routes" name="test_sorting_help_pages_available" time="0.073" /><testcase classname="tests.test_sorting_trace" name="test_sorting_trace_contains_visual_snapshots" time="0.101" /><testcase classname="tests.test_sorting_trace" name="test_all_sorting_algorithms_satisfy_common_trace_contract[intercambio]" time="0.047" /><testcase classname="tests.test_sorting_trace" name="test_all_sorting_algorithms_satisfy_common_trace_contract[seleccion]" time="0.044" /><testcase classname="tests.test_sorting_trace" name="test_all_sorting_algorithms_satisfy_common_trace_contract[insercion]" time="0.027" /><testcase classname="tests.test_sorting_trace" name="test_all_sorting_algorithms_satisfy_common_trace_contract[burbuja]" time="0.048" /><testcase classname="tests.test_sorting_trace" name="test_all_sorting_algorithms_satisfy_common_trace_contract[shell]" time="0.060" /><testcase classname="tests.test_sorting_trace" name="test_all_sorting_algorithms_satisfy_common_trace_contract[quicksort]" time="0.048" /><testcase classname="tests.test_sorting_trace" name="test_all_sorting_algorithms_satisfy_common_trace_contract[mergesort]" time="0.022" /><testcase classname="tests.test_sorting_trace" name="test_all_sorting_algorithms_satisfy_common_trace_contract[heapsort]" time="0.060" /><testcase classname="tests.test_sorting_trace" name="test_all_sorting_algorithms_satisfy_common_trace_contract[counting_sort]" time="0.014" /><testcase classname="tests.test_sorting_trace" name="test_all_sorting_algorithms_satisfy_common_trace_contract[binsort]" time="0.016" /><testcase classname="tests.test_sorting_trace" name="test_all_sorting_algorithms_satisfy_common_trace_contract[radixsort]" time="0.007" /><testcase classname="tests.test_tad_migration_and_testing" name="test_docs_tads_c_contains_only_new_tad_c_and_h_files" time="0.001" /><testcase classname="tests.test_tad_migration_and_testing" name="test_c_code_service_uses_new_tad_file_naming_in_default_messages" time="0.047" /><testcase classname="tests.test_tad_migration_and_testing" name="test_sequential_heap_supports_tad_mode_and_generic_priority_mode" time="0.001" /><testcase classname="tests.test_tad_migration_and_testing" name="test_hierarchical_heap_supports_tad_mode_and_generic_priority_mode" time="0.001" /><testcase classname="tests.test_trace_engine" name="test_control_flow_planner_filters_non_executable_c_lines" time="0.001" /><testcase classname="tests.test_trace_engine" name="test_control_flow_planner_skips_defensive_branch_on_success" time="0.001" /><testcase classname="tests.test_trace_engine" name="test_control_flow_planner_evaluates_position_and_tree_conditions" time="0.001" /><testcase classname="tests.test_trace_engine" name="test_control_flow_planner_estimates_clear_loop_from_state_size" time="0.001" /><testcase classname="tests.test_trace_engine" name="test_control_flow_planner_limits_steps_preserving_endpoints" time="0.001" /><testcase classname="tests.test_trace_engine" name="test_control_flow_planner_counts_tree_nodes" time="0.001" /><testcase classname="tests.test_trace_engine" name="test_trace_step_rejects_invalid_contract_fields" time="0.001" /><testcase classname="tests.test_trace_engine" name="test_trace_engine_requires_final_state_equivalence" time="0.001" /><testcase classname="tests.test_trace_engine" name="test_legacy_conversion_preserves_states_and_debug_metadata" time="0.001" /><testcase classname="tests.test_trace_engine" name="test_registry_resolves_each_family[stack-sequential]" time="0.001" /><testcase classname="tests.test_trace_engine" name="test_registry_resolves_each_family[avl-tree]" time="0.001" /><testcase classname="tests.test_trace_engine" name="test_registry_resolves_each_family[graph-graph]" time="0.001" /><testcase classname="tests.test_trace_engine" name="test_registry_resolves_each_family[hash_table-hash]" time="0.001" /><testcase classname="tests.test_trace_engine" name="test_registry_resolves_each_family[sorting_array-sorting]" time="0.001" /><testcase classname="tests.test_trace_engine" name="test_registry_rejects_unknown_structure" time="0.001" /><testcase classname="tests.test_trace_engine" name="test_validate_legacy_trace_does_not_mutate_public_shape" time="0.001" /><testcase classname="tests.test_trace_engine" name="test_compatibility_adapter_round_trip_preserves_extensions" time="0.001" /><testcase classname="tests.test_trace_engine" name="test_compatibility_adapter_projects_native_semantic_step" time="0.001" /><testcase classname="tests.test_trace_engine" name="test_sequential_strategy_aligns_insertion_with_assignment" time="0.001" /><testcase classname="tests.test_trace_engine" name="test_sequential_strategy_handles_deletion_and_updates_metadata" time="0.001" /><testcase classname="tests.test_trace_engine" name="test_tree_strategy_exposes_pre_rotation_avl_state" time="0.001" /><testcase classname="tests.test_trace_engine" name="test_tree_strategy_builds_heap_boundaries" time="0.001" /><testcase classname="tests.test_trace_engine" name="test_tree_strategy_switches_abb_state_at_mutation_boundary" time="0.001" /><testcase classname="tests.test_trace_engine" name="test_tree_debug_strategy_labels_avl_rotation" time="0.001" /><testcase classname="tests.test_trace_engine" name="test_tree_debug_strategy_labels_red_black_fixup" time="0.001" /><testcase classname="tests.test_trace_engine" name="test_tree_debug_strategy_tracks_extreme_search" time="0.001" /><testcase classname="tests.test_trace_engine" name="test_hash_strategy_derives_bucket_metadata_during_collision" time="0.001" /><testcase classname="tests.test_trace_engine" name="test_hash_strategy_preserves_resize_event_in_final_state" time="0.001" /><testcase classname="tests.test_trace_engine" name="test_graph_strategy_progresses_nodes_edges_and_metadata" time="0.001" /><testcase classname="tests.test_trace_engine" name="test_graph_strategy_handles_vertex_removal" time="0.001" /></testsuite></testsuites>